#
# A fatal error has been detected by the Java Runtime Environment:
#
#  EXCEPTION_ACCESS_VIOLATION (0xc0000005) at pc=0x00007ff9fafc26c4, pid=10196, tid=4444
#
# JRE version: OpenJDK Runtime Environment (24.0.1+9) (build 24.0.1+9-30)
# Java VM: OpenJDK 64-Bit Server VM (24.0.1+9-30, mixed mode, sharing, tiered, compressed oops, compressed class ptrs, g1 gc, windows-amd64)
# Problematic frame:
# C  [libasyncProfiler.dll+0x926c4]
#
# No core dump will be written. Minidumps are not enabled by default on client versions of Windows
#
# JFR recording file will be written. Location: D:\M1\S2\Sécurité Informatique\Projet\HoneyRJ\hs_err_pid10196.jfr
#
# If you would like to submit a bug report, please visit:
#   https://bugreport.java.com/bugreport/crash.jsp
# The crash happened outside the Java Virtual Machine in native code.
# See problematic frame for where to report the bug.
#

---------------  S U M M A R Y ------------

Command Line: -javaagent:C:\Program Files\JetBrains\IntelliJ IDEA 2025.1.1.1\lib\idea_rt.jar=55750 -Dfile.encoding=UTF-8 -Dsun.stdout.encoding=UTF-8 -Dsun.stderr.encoding=UTF-8 edu.wustl.honeyrj.honeyrj.HoneyRJMain

Host: 12th Gen Intel(R) Core(TM) i5-12450H, 12 cores, 31G,  Windows 11 , 64 bit Build 26100 (10.0.26100.3775)
Time: Fri May  9 21:38:25 2025 Morocco Daylight Time elapsed time: 7.156357 seconds (0d 0h 0m 7s)

---------------  T H R E A D  ---------------

Current thread (0x0000017110014910):  JavaThread "Attach Listener" daemon [_thread_in_native, id=4444, stack(0x0000003a05600000,0x0000003a05700000) (1024K)]

Stack: [0x0000003a05600000,0x0000003a05700000],  sp=0x0000003a056fecf0,  free space=1019k
Native frames: (J=compiled Java code, j=interpreted, Vv=VM code, C=native code)
C  [libasyncProfiler.dll+0x926c4]  (no source info available)
C  [libasyncProfiler.dll+0x92b9b]  (no source info available)
C  [libasyncProfiler.dll+0x917f4]  (no source info available)
C  [libasyncProfiler.dll+0x9206a]  (no source info available)
C  [libasyncProfiler.dll+0x8cc21]  (no source info available)
C  [libasyncProfiler.dll+0x7e5e1]  (no source info available)
C  [libasyncProfiler.dll+0x7d2f8]  (no source info available)
C  [libasyncProfiler.dll+0x7d1e0]  (no source info available)
C  [libasyncProfiler.dll+0x841b9]  (no source info available)
V  [jvm.dll+0x57eff7]  (no source info available)
V  [jvm.dll+0x57fdac]  (no source info available)
V  [jvm.dll+0x14ca17]  (no source info available)
V  [jvm.dll+0x14dfe1]  (no source info available)
V  [jvm.dll+0x42f456]  (no source info available)
V  [jvm.dll+0x87d76b]  (no source info available)
V  [jvm.dll+0x72ee55]  (no source info available)
C  [ucrtbase.dll+0x37b0]  (no source info available)
C  [KERNEL32.DLL+0x2e8d7]  (no source info available)
C  [ntdll.dll+0xb14fc]  (no source info available)


siginfo: EXCEPTION_ACCESS_VIOLATION (0xc0000005), reading address 0xffffffffffffffff


Registers:
RAX=0x0000000000000010, RBX=0x0000000000000000, RCX=0xffffffffffffffff, RDX=0x007ff9f078300010
RSP=0x0000003a056fecf0, RBP=0x000001711079d838, RSI=0x0000003a056fee60, RDI=0x000001711079d838
R8 =0x0000000000000042, R9 =0x0000000624811d50, R10=0x00007ff9f09f9fb0, R11=0x0000000000000002
R12=0x0000003a056fee60, R13=0x0000017110a6cf80, R14=0x0000017110014cd8, R15=0x0000017110014cd8
RIP=0x00007ff9fafc26c4, EFLAGS=0x0000000000010202

XMM[0]=0x0000000000000000 0x0000000000000000
XMM[1]=0x0000000000000000 0x0000000000000000
XMM[2]=0x0000000000000000 0x0000000000000000
XMM[3]=0x0000000000000000 0x0000000000000000
XMM[4]=0x0000000000000000 0x0000000000000000
XMM[5]=0x0000000000000000 0x0000000000000000
XMM[6]=0x0000000000000000 0x0000000000000000
XMM[7]=0x0000000000000000 0x0000000000000000
XMM[8]=0x0000000000000000 0x0000000000000000
XMM[9]=0x0000000000000000 0x0000000000000000
XMM[10]=0x0000000000000000 0x0000000000000000
XMM[11]=0x0000000000000000 0x0000000000000000
XMM[12]=0x0000000000000000 0x0000000000000000
XMM[13]=0x0000000000000000 0x0000000000000000
XMM[14]=0x0000000000000000 0x0000000000000000
XMM[15]=0x0000000000000000 0x0000000000000000
  MXCSR=0x00001fa0


Register to memory mapping:

RAX=0x0000000000000010 is an unknown value
RBX=0x0 is null
RCX=0xffffffffffffffff is an unknown value
RDX=0x007ff9f078300010 is an unknown value
RSP=0x0000003a056fecf0 is pointing into the stack for thread: 0x0000017110014910
RBP=0x000001711079d838 points into unknown readable memory: 0x0000000624811d50 | 50 1d 81 24 06 00 00 00
RSI=0x0000003a056fee60 is pointing into the stack for thread: 0x0000017110014910
RDI=0x000001711079d838 points into unknown readable memory: 0x0000000624811d50 | 50 1d 81 24 06 00 00 00
R8 =0x0000000000000042 is an unknown value
R9 =0x0000000624811d50 is an oop: java.lang.ref.Reference$ReferenceHandler 
{0x0000000624811d50} - klass: 'java/lang/ref/Reference$ReferenceHandler' - flags: 

 - ---- fields (total size 14 words):
 - 'threadLocalRandomProbe' 'I' @12  0 (0x00000000)
 - private volatile 'eetop' 'J' @16  1585111421808 (0x000001711000d370)
 - private final 'tid' 'J' @24  14 (0x000000000000000e)
 - 'threadLocalRandomSeed' 'J' @32  0 (0x0000000000000000)
 - injected 'jvmti_thread_state' 'J' @40  1585135907504 (0x00000171117672b0)
 - 'threadLocalRandomSecondarySeed' 'I' @48  0 (0x00000000)
 - injected 'jvmti_VTMS_transition_disable_count' 'I' @52  0 (0x00000000)
 - injected 'jfr_epoch' 'S' @56  0 (0x0000)
 - volatile 'interrupted' 'Z' @58  false (0x00)
 - injected 'jvmti_is_in_VTMS_transition' 'Z' @59  false (0x00)
 - private volatile 'name' 'Ljava/lang/String;' @60  "Reference Handler"{0x00000007ffc0a468} (0xfff8148d)
 - private volatile 'contextClassLoader' 'Ljava/lang/ClassLoader;' @64  null (0x00000000)
 - private final 'holder' 'Ljava/lang/Thread$FieldHolder;' @68  a 'java/lang/Thread$FieldHolder'{0x0000000624811dd0} (0xc49023ba)
 - 'threadLocals' 'Ljava/lang/ThreadLocal$ThreadLocalMap;' @72  null (0x00000000)
 - 'inheritableThreadLocals' 'Ljava/lang/ThreadLocal$ThreadLocalMap;' @76  null (0x00000000)
 - private 'scopedValueBindings' 'Ljava/lang/Object;' @80  a 'java/lang/Class'{0x00000007ffc7c258} = 'java/lang/Thread' (0xfff8f84b)
 - final 'interruptLock' 'Ljava/lang/Object;' @84  a 'java/lang/Object'{0x0000000624811dc0} (0xc49023b8)
 - private volatile 'parkBlocker' 'Ljava/lang/Object;' @88  null (0x00000000)
 - private 'nioBlocker' 'Lsun/nio/ch/Interruptible;' @92  null (0x00000000)
 - private 'cont' 'Ljdk/internal/vm/Continuation;' @96  null (0x00000000)
 - private volatile 'uncaughtExceptionHandler' 'Ljava/lang/Thread$UncaughtExceptionHandler;' @100  null (0x00000000)
 - private 'container' 'Ljdk/internal/vm/ThreadContainer;' @104  null (0x00000000)
 - private volatile 'headStackableScopes' 'Ljdk/internal/vm/StackableScope;' @108  null (0x00000000)
R10=0x00007ff9f09f9fb0 jvm.dll
R11=0x0000000000000002 is an unknown value
R12=0x0000003a056fee60 is pointing into the stack for thread: 0x0000017110014910
R13=0x0000017110a6cf80 points into unknown readable memory: 0x00007ff9f096a510 | 10 a5 96 f0 f9 7f 00 00
R14=0x0000017110014cd8 points into unknown readable memory: 0x00007ff9f09617b0 | b0 17 96 f0 f9 7f 00 00
R15=0x0000017110014cd8 points into unknown readable memory: 0x00007ff9f09617b0 | b0 17 96 f0 f9 7f 00 00

Top of Stack: (sp=0x0000003a056fecf0)
0x0000003a056fecf0:   0000003a056fee60 000001711079d838   `.o.:...8.y.q...
0x0000003a056fed00:   0000000000000000 0000017110016aa0   .........j..q...
0x0000003a056fed10:   0000000000000024 00007ff9fafc2b9b   $........+......
0x0000003a056fed20:   0000000000000000 0000017110014cd8   .........L..q...
0x0000003a056fed30:   0000003a056fee01 0000000000000000   ..o.:...........
0x0000003a056fed40:   0000017110762030 00007ff9fafc17f4   0 v.q...........
0x0000003a056fed50:   0000000000000000 0000000000000024   ........$.......
0x0000003a056fed60:   0000000000000000 0000000000000024   ........$.......
0x0000003a056fed70:   000000131058c628 0000017110656370   (.X.....pce.q...
0x0000003a056fed80:   0000017110762030 00000171107620c0   0 v.q.... v.q...
0x0000003a056fed90:   00000171107620d8 0000000000001adc   . v.q...........
0x0000003a056feda0:   0000000000000000 0000000000000000   ................
0x0000003a056fedb0:   0000000000000000 00007ff9f01c57d4   .........W......
0x0000003a056fedc0:   00007ff9fb104ca0 00000000000027d4   .L.......'......
0x0000003a056fedd0:   00007ff9fb104ca0 00000000ffffffff   .L..............
0x0000003a056fede0:   0000000000000000 00007ff9fafc206a   ........j ......
0x0000003a056fedf0:   0000017110014cd8 0000000000000000   .L..q...........
0x0000003a056fee00:   0000003a056fee69 0000017110a6cf80   i.o.:.......q...
0x0000003a056fee10:   0000000000000004 0000000000000048   ........H.......
0x0000003a056fee20:   0000000800800310 0000000000000020   ........ .......
0x0000003a056fee30:   0000017110014cd8 00007ff9fb104ca0   .L..q....L......
0x0000003a056fee40:   00000170c8039580 00000171117672b0   ....p....rv.q...
0x0000003a056fee50:   0000000800800390 0000017110014cd8   .........L..q...
0x0000003a056fee60:   00000171145e4470 00000171145e48f0   pD^.q....H^.q...
0x0000003a056fee70:   00000171145e48f0 00007ff9fb104ca0   .H^.q....L......
0x0000003a056fee80:   000001711058c628 0000003a056feff8   (.X.q.....o.:...
0x0000003a056fee90:   0000003a056ff130 0000000000008840   0.o.:...@.......
0x0000003a056feea0:   0000003a056ff310 00007ff9fb104cf0   ..o.:....L......
0x0000003a056feeb0:   0000000000989680 0000000000989680   ................
0x0000003a056feec0:   0000003a056fefd0 00007ff9fafbcc21   ..o.:...!.......
0x0000003a056feed0:   00007ff9fb104ca0 00007ff9fb104cf8   .L.......L......
0x0000003a056feee0:   00007ff900000000 00007ff900000001   ................

Instructions: (pc=0x00007ff9fafc26c4)
  0x00007ff9fafc25c4:   cc cc cc cc cc cc cc cc cc cc cc cc cc cc cc cc
  0x00007ff9fafc25d4:   cc cc cc cc cc cc cc cc cc cc cc cc cc cc cc cc
  0x00007ff9fafc25e4:   cc cc cc cc cc cc cc cc cc cc cc cc cc cc cc cc
  0x00007ff9fafc25f4:   cc cc cc cc cc cc cc cc cc cc cc cc cc cc cc cc
  0x00007ff9fafc2604:   cc cc cc cc cc cc cc cc cc cc cc cc cc cc cc cc
  0x00007ff9fafc2614:   cc cc cc cc cc cc cc cc cc cc cc cc cc cc cc cc
  0x00007ff9fafc2624:   cc cc cc cc cc cc cc cc cc cc cc cc cc cc cc cc
  0x00007ff9fafc2634:   cc cc cc cc cc cc cc cc cc cc cc cc cc cc cc cc
  0x00007ff9fafc2644:   cc cc cc cc cc cc cc cc cc cc cc cc 40 57 48 83
  0x00007ff9fafc2654:   ec 20 48 8b f9 48 8b 0d 10 28 14 00 48 85 c9 74
  0x00007ff9fafc2664:   20 48 8b 01 48 8d 54 24 38 41 b8 06 00 01 00 4c
  0x00007ff9fafc2674:   8b 48 30 41 ff d1 85 c0 75 07 48 8b 4c 24 38 eb
  0x00007ff9fafc2684:   02 33 c9 4c 8b 05 ea 28 14 00 48 89 5c 24 30 4d
  0x00007ff9fafc2694:   85 c0 74 4a 48 8b 01 48 8b d7 4c 8b 88 28 03 00
  0x00007ff9fafc26a4:   00 41 ff d1 48 85 c0 74 35 48 63 0d f8 e6 13 00
  0x00007ff9fafc26b4:   48 8b 14 01 48 85 d2 74 15 48 63 05 fc e6 13 00
=>0x00007ff9fafc26c4:   8b 04 10 48 8b 5c 24 30 48 83 c4 20 5f c3 b8 ff
  0x00007ff9fafc26d4:   ff ff ff 48 8b 5c 24 30 48 83 c4 20 5f c3 80 3d
  0x00007ff9fafc26e4:   9b 27 14 00 00 bb ff ff ff ff 74 20 4c 8b 0d 31
  0x00007ff9fafc26f4:   24 14 00 4c 8d 44 24 38 48 8b 0d 15 24 14 00 48
  0x00007ff9fafc2704:   8b d7 41 ff d1 85 c0 0f 44 5c 24 38 8b c3 48 8b
  0x00007ff9fafc2714:   5c 24 30 48 83 c4 20 5f c3 cc cc cc cc cc cc cc
  0x00007ff9fafc2724:   cc cc cc cc cc cc cc cc cc cc cc cc cc cc cc cc
  0x00007ff9fafc2734:   cc cc cc cc cc cc cc cc cc cc cc cc cc cc cc cc
  0x00007ff9fafc2744:   cc cc cc cc cc cc cc cc cc cc cc cc 48 89 54 24
  0x00007ff9fafc2754:   10 53 55 56 57 41 56 41 57 48 83 ec 28 48 8b f2
  0x00007ff9fafc2764:   4c 8b f1 48 89 4c 24 78 45 33 ff 44 89 7c 24 68
  0x00007ff9fafc2774:   c7 44 24 60 01 00 00 00 48 8d 4c 24 68 e8 ed 42
  0x00007ff9fafc2784:   f7 ff 8b d8 48 8d 4c 24 60 e8 e1 42 f7 ff 8b e8
  0x00007ff9fafc2794:   49 8b ce e8 00 fc f6 ff 48 8b f8 90 8b c3 f0 0f
  0x00007ff9fafc27a4:   b1 2f 74 04 f3 90 eb f4 4c 89 3e 4c 89 7e 08 4c
  0x00007ff9fafc27b4:   89 7e 10 49 8b 6e 08 4d 8b 76 10 49 3b ee 0f 84


Stack slot to memory mapping:

stack at sp + 0 slots: 0x0000003a056fee60 is pointing into the stack for thread: 0x0000017110014910
stack at sp + 1 slots: 0x000001711079d838 points into unknown readable memory: 0x0000000624811d50 | 50 1d 81 24 06 00 00 00
stack at sp + 2 slots: 0x0 is null
stack at sp + 3 slots: 0x0000017110016aa0 points into unknown readable memory: 0x6e616c2e6176616a | 6a 61 76 61 2e 6c 61 6e
stack at sp + 4 slots: 0x0000000000000024 is an unknown value
stack at sp + 5 slots: 0x00007ff9fafc2b9b libasyncProfiler.dll
stack at sp + 6 slots: 0x0 is null
stack at sp + 7 slots: 0x0000017110014cd8 points into unknown readable memory: 0x00007ff9f09617b0 | b0 17 96 f0 f9 7f 00 00

Lock stack of current Java thread (top to bottom):


---------------  P R O C E S S  ---------------

Threads class SMR info:
_java_thread_list=0x00000171109f90d0, length=25, elements={
0x000001711000d370, 0x000001711000fbc0, 0x0000017110013de0, 0x0000017110014910,
0x0000017110016e80, 0x000001711001afb0, 0x000001711001cd00, 0x00000171100274b0,
0x0000017110206520, 0x0000017110228610, 0x0000017110228d50, 0x0000017110359940,
0x000001711035a080, 0x000001711035a7c0, 0x00000171109714d0, 0x0000017110a51170,
0x00000171109e9200, 0x00000171117ae9c0, 0x00000171117864a0, 0x0000017111785600,
0x0000017111783170, 0x000001711026e1f0, 0x0000017111784760, 0x000001711026f110,
0x0000017111784eb0
}

Java Threads: ( => current thread )
  0x000001711000d370 JavaThread "Reference Handler"          daemon [_thread_blocked, id=21456, stack(0x0000003a05300000,0x0000003a05400000) (1024K)]
  0x000001711000fbc0 JavaThread "Finalizer"                  daemon [_thread_blocked, id=4388, stack(0x0000003a05400000,0x0000003a05500000) (1024K)]
  0x0000017110013de0 JavaThread "Signal Dispatcher"          daemon [_thread_blocked, id=21896, stack(0x0000003a05500000,0x0000003a05600000) (1024K)]
=>0x0000017110014910 JavaThread "Attach Listener"            daemon [_thread_in_native, id=4444, stack(0x0000003a05600000,0x0000003a05700000) (1024K)]
  0x0000017110016e80 JavaThread "Service Thread"             daemon [_thread_blocked, id=20980, stack(0x0000003a05700000,0x0000003a05800000) (1024K)]
  0x000001711001afb0 JavaThread "Monitor Deflation Thread"   daemon [_thread_blocked, id=12636, stack(0x0000003a05800000,0x0000003a05900000) (1024K)]
  0x000001711001cd00 JavaThread "C2 CompilerThread0"         daemon [_thread_blocked, id=2968, stack(0x0000003a05900000,0x0000003a05a00000) (1024K)]
  0x00000171100274b0 JavaThread "C1 CompilerThread0"         daemon [_thread_blocked, id=13688, stack(0x0000003a05a00000,0x0000003a05b00000) (1024K)]
  0x0000017110206520 JavaThread "Common-Cleaner"             daemon [_thread_blocked, id=20556, stack(0x0000003a05b00000,0x0000003a05c00000) (1024K)]
  0x0000017110228610 JavaThread "Monitor Ctrl-Break"         daemon [_thread_in_native, id=20904, stack(0x0000003a05c00000,0x0000003a05d00000) (1024K)]
  0x0000017110228d50 JavaThread "Notification Thread"        daemon [_thread_blocked, id=10672, stack(0x0000003a05d00000,0x0000003a05e00000) (1024K)]
  0x0000017110359940 JavaThread "Java2D Disposer"            daemon [_thread_blocked, id=8448, stack(0x0000003a05f00000,0x0000003a06000000) (1024K)]
  0x000001711035a080 JavaThread "AWT-Shutdown"                      [_thread_blocked, id=19788, stack(0x0000003a06000000,0x0000003a06100000) (1024K)]
  0x000001711035a7c0 JavaThread "AWT-Windows"                daemon [_thread_in_native, id=4016, stack(0x0000003a06100000,0x0000003a06200000) (1024K)]
  0x00000171109714d0 JavaThread "AWT-EventQueue-0"                  [_thread_blocked, id=10224, stack(0x0000003a06300000,0x0000003a06400000) (1024K)]
  0x0000017110a51170 JavaThread "RMI TCP Accept-0"           daemon [_thread_in_native, id=15104, stack(0x0000003a06400000,0x0000003a06500000) (1024K)]
  0x00000171109e9200 JavaThread "RMI TCP Connection(1)-192.168.1.10" daemon [_thread_in_native, id=18492, stack(0x0000003a06500000,0x0000003a06600000) (1024K)]
  0x00000171117ae9c0 JavaThread "RMI Scheduler(0)"           daemon [_thread_blocked, id=5496, stack(0x0000003a06600000,0x0000003a06700000) (1024K)]
  0x00000171117864a0 JavaThread "JMX server connection timeout 37" daemon [_thread_blocked, id=11576, stack(0x0000003a06700000,0x0000003a06800000) (1024K)]
  0x0000017111785600 JavaThread "DestroyJavaVM"                     [_thread_blocked, id=20260, stack(0x0000003a04b00000,0x0000003a04c00000) (1024K)]
  0x0000017111783170 JavaThread "TimerQueue"                 daemon [_thread_blocked, id=20220, stack(0x0000003a05e00000,0x0000003a05f00000) (1024K)]
  0x000001711026e1f0 JavaThread "C2 CompilerThread1"         daemon [_thread_blocked, id=18892, stack(0x0000003a06200000,0x0000003a06300000) (1024K)]
  0x0000017111784760 JavaThread "JFR Recorder Thread"        daemon [_thread_in_native, id=9428, stack(0x0000003a06800000,0x0000003a06900000) (1024K)]
  0x000001711026f110 JavaThread "C2 CompilerThread2"         daemon [_thread_blocked, id=6760, stack(0x0000003a06900000,0x0000003a06a00000) (1024K)]
  0x0000017111784eb0 JavaThread "JFR Periodic Tasks"         daemon [_thread_blocked, id=6876, stack(0x0000003a06a00000,0x0000003a06b00000) (1024K)]
Total: 25

Other Threads:
  0x00000170c816a5d0 VMThread "VM Thread"                           [id=22204, stack(0x0000003a05200000,0x0000003a05300000) (1024K)]
  0x00000170c815d550 WatcherThread "VM Periodic Task Thread"        [id=21716, stack(0x0000003a05100000,0x0000003a05200000) (1024K)]
  0x00000170a625b160 WorkerThread "GC Thread#0"                     [id=22012, stack(0x0000003a04c00000,0x0000003a04d00000) (1024K)]
  0x00000170a626fda0 ConcurrentGCThread "G1 Main Marker"            [id=14432, stack(0x0000003a04d00000,0x0000003a04e00000) (1024K)]
  0x00000170a6271700 WorkerThread "G1 Conc#0"                       [id=2668, stack(0x0000003a04e00000,0x0000003a04f00000) (1024K)]
  0x00000170c801ddf0 ConcurrentGCThread "G1 Refine#0"               [id=6444, stack(0x0000003a04f00000,0x0000003a05000000) (1024K)]
  0x00000170c801f630 ConcurrentGCThread "G1 Service"                [id=20600, stack(0x0000003a05000000,0x0000003a05100000) (1024K)]
Total: 7

Threads with active compile tasks:
Total: 0

VM state: not at safepoint (normal execution)

VM Mutex/Monitor currently owned by a thread: None

Heap address: 0x0000000605000000, size: 8112 MB, Compressed Oops mode: Zero based, Oop shift amount: 3

CDS archive(s) mapped at: [0x00000170cb000000-0x00000170cbd40000-0x00000170cbd40000), size 13893632, SharedBaseAddress: 0x00000170cb000000, ArchiveRelocationMode: 1.
Compressed class space mapped at: 0x00000170cc000000-0x000001710c000000, reserved size: 1073741824
UseCompressedClassPointers 1, UseCompactObjectHeaders 0
Narrow klass pointer bits 32, Max shift 3
Narrow klass base: 0x00000170cb000000, Narrow klass shift: 0
Encoding Range: [0x00000170cb000000 - 0x00000171cb000000), (4294967296 bytes)
Klass Range:    [0x00000170cb000000 - 0x000001710c000000), (1090519040 bytes)
Klass ID Range:  [8 - 1090519033) (1090519025)

GC Precious Log:
 CardTable entry size: 512
 Card Set container configuration: InlinePtr #cards 4 size 8 Array Of Cards #cards 32 size 80 Howl #buckets 8 coarsen threshold 7372 Howl Bitmap #cards 1024 size 144 coarsen threshold 921 Card regions per heap region 1 cards per card region 8192
 CPUs: 12 total, 12 available
 Memory: 32436M
 Large Page Support: Disabled
 NUMA Support: Disabled
 Compressed Oops: Enabled (Zero based)
 Heap Region Size: 4M
 Heap Min Capacity: 8M
 Heap Initial Capacity: 508M
 Heap Max Capacity: 8112M
 Pre-touch: Disabled
 Parallel Workers: 10
 Concurrent Workers: 3
 Concurrent Refinement Workers: 10
 Periodic GC: Disabled

Heap:
 garbage-first heap   total reserved 8306688K, committed 524288K, used 42096K [0x0000000605000000, 0x0000000800000000)
  region size 4096K, 11 young (45056K), 0 survivors (0K)
 Metaspace       used 14286K, committed 14656K, reserved 1114112K
  class space    used 1349K, committed 1536K, reserved 1048576K

Heap Regions: E=young(eden), S=young(survivor), O=old, HS=humongous(starts), HC=humongous(continues), CS=collection set, F=free, TAMS=top-at-mark-start, PB=parsable bottom
|   0|0x0000000605000000, 0x0000000605000000, 0x0000000605400000|  0%| F|  |TAMS 0x0000000605000000| PB 0x0000000605000000| Untracked |  0
|   1|0x0000000605400000, 0x0000000605400000, 0x0000000605800000|  0%| F|  |TAMS 0x0000000605400000| PB 0x0000000605400000| Untracked |  0
|   2|0x0000000605800000, 0x0000000605800000, 0x0000000605c00000|  0%| F|  |TAMS 0x0000000605800000| PB 0x0000000605800000| Untracked |  0
|   3|0x0000000605c00000, 0x0000000605c00000, 0x0000000606000000|  0%| F|  |TAMS 0x0000000605c00000| PB 0x0000000605c00000| Untracked |  0
|   4|0x0000000606000000, 0x0000000606000000, 0x0000000606400000|  0%| F|  |TAMS 0x0000000606000000| PB 0x0000000606000000| Untracked |  0
|   5|0x0000000606400000, 0x0000000606400000, 0x0000000606800000|  0%| F|  |TAMS 0x0000000606400000| PB 0x0000000606400000| Untracked |  0
|   6|0x0000000606800000, 0x0000000606800000, 0x0000000606c00000|  0%| F|  |TAMS 0x0000000606800000| PB 0x0000000606800000| Untracked |  0
|   7|0x0000000606c00000, 0x0000000606c00000, 0x0000000607000000|  0%| F|  |TAMS 0x0000000606c00000| PB 0x0000000606c00000| Untracked |  0
|   8|0x0000000607000000, 0x0000000607000000, 0x0000000607400000|  0%| F|  |TAMS 0x0000000607000000| PB 0x0000000607000000| Untracked |  0
|   9|0x0000000607400000, 0x0000000607400000, 0x0000000607800000|  0%| F|  |TAMS 0x0000000607400000| PB 0x0000000607400000| Untracked |  0
|  10|0x0000000607800000, 0x0000000607800000, 0x0000000607c00000|  0%| F|  |TAMS 0x0000000607800000| PB 0x0000000607800000| Untracked |  0
|  11|0x0000000607c00000, 0x0000000607c00000, 0x0000000608000000|  0%| F|  |TAMS 0x0000000607c00000| PB 0x0000000607c00000| Untracked |  0
|  12|0x0000000608000000, 0x0000000608000000, 0x0000000608400000|  0%| F|  |TAMS 0x0000000608000000| PB 0x0000000608000000| Untracked |  0
|  13|0x0000000608400000, 0x0000000608400000, 0x0000000608800000|  0%| F|  |TAMS 0x0000000608400000| PB 0x0000000608400000| Untracked |  0
|  14|0x0000000608800000, 0x0000000608800000, 0x0000000608c00000|  0%| F|  |TAMS 0x0000000608800000| PB 0x0000000608800000| Untracked |  0
|  15|0x0000000608c00000, 0x0000000608c00000, 0x0000000609000000|  0%| F|  |TAMS 0x0000000608c00000| PB 0x0000000608c00000| Untracked |  0
|  16|0x0000000609000000, 0x0000000609000000, 0x0000000609400000|  0%| F|  |TAMS 0x0000000609000000| PB 0x0000000609000000| Untracked |  0
|  17|0x0000000609400000, 0x0000000609400000, 0x0000000609800000|  0%| F|  |TAMS 0x0000000609400000| PB 0x0000000609400000| Untracked |  0
|  18|0x0000000609800000, 0x0000000609800000, 0x0000000609c00000|  0%| F|  |TAMS 0x0000000609800000| PB 0x0000000609800000| Untracked |  0
|  19|0x0000000609c00000, 0x0000000609c00000, 0x000000060a000000|  0%| F|  |TAMS 0x0000000609c00000| PB 0x0000000609c00000| Untracked |  0
|  20|0x000000060a000000, 0x000000060a000000, 0x000000060a400000|  0%| F|  |TAMS 0x000000060a000000| PB 0x000000060a000000| Untracked |  0
|  21|0x000000060a400000, 0x000000060a400000, 0x000000060a800000|  0%| F|  |TAMS 0x000000060a400000| PB 0x000000060a400000| Untracked |  0
|  22|0x000000060a800000, 0x000000060a800000, 0x000000060ac00000|  0%| F|  |TAMS 0x000000060a800000| PB 0x000000060a800000| Untracked |  0
|  23|0x000000060ac00000, 0x000000060ac00000, 0x000000060b000000|  0%| F|  |TAMS 0x000000060ac00000| PB 0x000000060ac00000| Untracked |  0
|  24|0x000000060b000000, 0x000000060b000000, 0x000000060b400000|  0%| F|  |TAMS 0x000000060b000000| PB 0x000000060b000000| Untracked |  0
|  25|0x000000060b400000, 0x000000060b400000, 0x000000060b800000|  0%| F|  |TAMS 0x000000060b400000| PB 0x000000060b400000| Untracked |  0
|  26|0x000000060b800000, 0x000000060b800000, 0x000000060bc00000|  0%| F|  |TAMS 0x000000060b800000| PB 0x000000060b800000| Untracked |  0
|  27|0x000000060bc00000, 0x000000060bc00000, 0x000000060c000000|  0%| F|  |TAMS 0x000000060bc00000| PB 0x000000060bc00000| Untracked |  0
|  28|0x000000060c000000, 0x000000060c000000, 0x000000060c400000|  0%| F|  |TAMS 0x000000060c000000| PB 0x000000060c000000| Untracked |  0
|  29|0x000000060c400000, 0x000000060c400000, 0x000000060c800000|  0%| F|  |TAMS 0x000000060c400000| PB 0x000000060c400000| Untracked |  0
|  30|0x000000060c800000, 0x000000060c800000, 0x000000060cc00000|  0%| F|  |TAMS 0x000000060c800000| PB 0x000000060c800000| Untracked |  0
|  31|0x000000060cc00000, 0x000000060cc00000, 0x000000060d000000|  0%| F|  |TAMS 0x000000060cc00000| PB 0x000000060cc00000| Untracked |  0
|  32|0x000000060d000000, 0x000000060d000000, 0x000000060d400000|  0%| F|  |TAMS 0x000000060d000000| PB 0x000000060d000000| Untracked |  0
|  33|0x000000060d400000, 0x000000060d400000, 0x000000060d800000|  0%| F|  |TAMS 0x000000060d400000| PB 0x000000060d400000| Untracked |  0
|  34|0x000000060d800000, 0x000000060d800000, 0x000000060dc00000|  0%| F|  |TAMS 0x000000060d800000| PB 0x000000060d800000| Untracked |  0
|  35|0x000000060dc00000, 0x000000060dc00000, 0x000000060e000000|  0%| F|  |TAMS 0x000000060dc00000| PB 0x000000060dc00000| Untracked |  0
|  36|0x000000060e000000, 0x000000060e000000, 0x000000060e400000|  0%| F|  |TAMS 0x000000060e000000| PB 0x000000060e000000| Untracked |  0
|  37|0x000000060e400000, 0x000000060e400000, 0x000000060e800000|  0%| F|  |TAMS 0x000000060e400000| PB 0x000000060e400000| Untracked |  0
|  38|0x000000060e800000, 0x000000060e800000, 0x000000060ec00000|  0%| F|  |TAMS 0x000000060e800000| PB 0x000000060e800000| Untracked |  0
|  39|0x000000060ec00000, 0x000000060ec00000, 0x000000060f000000|  0%| F|  |TAMS 0x000000060ec00000| PB 0x000000060ec00000| Untracked |  0
|  40|0x000000060f000000, 0x000000060f000000, 0x000000060f400000|  0%| F|  |TAMS 0x000000060f000000| PB 0x000000060f000000| Untracked |  0
|  41|0x000000060f400000, 0x000000060f400000, 0x000000060f800000|  0%| F|  |TAMS 0x000000060f400000| PB 0x000000060f400000| Untracked |  0
|  42|0x000000060f800000, 0x000000060f800000, 0x000000060fc00000|  0%| F|  |TAMS 0x000000060f800000| PB 0x000000060f800000| Untracked |  0
|  43|0x000000060fc00000, 0x000000060fc00000, 0x0000000610000000|  0%| F|  |TAMS 0x000000060fc00000| PB 0x000000060fc00000| Untracked |  0
|  44|0x0000000610000000, 0x0000000610000000, 0x0000000610400000|  0%| F|  |TAMS 0x0000000610000000| PB 0x0000000610000000| Untracked |  0
|  45|0x0000000610400000, 0x0000000610400000, 0x0000000610800000|  0%| F|  |TAMS 0x0000000610400000| PB 0x0000000610400000| Untracked |  0
|  46|0x0000000610800000, 0x0000000610800000, 0x0000000610c00000|  0%| F|  |TAMS 0x0000000610800000| PB 0x0000000610800000| Untracked |  0
|  47|0x0000000610c00000, 0x0000000610c00000, 0x0000000611000000|  0%| F|  |TAMS 0x0000000610c00000| PB 0x0000000610c00000| Untracked |  0
|  48|0x0000000611000000, 0x0000000611000000, 0x0000000611400000|  0%| F|  |TAMS 0x0000000611000000| PB 0x0000000611000000| Untracked |  0
|  49|0x0000000611400000, 0x0000000611400000, 0x0000000611800000|  0%| F|  |TAMS 0x0000000611400000| PB 0x0000000611400000| Untracked |  0
|  50|0x0000000611800000, 0x0000000611800000, 0x0000000611c00000|  0%| F|  |TAMS 0x0000000611800000| PB 0x0000000611800000| Untracked |  0
|  51|0x0000000611c00000, 0x0000000611c00000, 0x0000000612000000|  0%| F|  |TAMS 0x0000000611c00000| PB 0x0000000611c00000| Untracked |  0
|  52|0x0000000612000000, 0x0000000612000000, 0x0000000612400000|  0%| F|  |TAMS 0x0000000612000000| PB 0x0000000612000000| Untracked |  0
|  53|0x0000000612400000, 0x0000000612400000, 0x0000000612800000|  0%| F|  |TAMS 0x0000000612400000| PB 0x0000000612400000| Untracked |  0
|  54|0x0000000612800000, 0x0000000612800000, 0x0000000612c00000|  0%| F|  |TAMS 0x0000000612800000| PB 0x0000000612800000| Untracked |  0
|  55|0x0000000612c00000, 0x0000000612c00000, 0x0000000613000000|  0%| F|  |TAMS 0x0000000612c00000| PB 0x0000000612c00000| Untracked |  0
|  56|0x0000000613000000, 0x0000000613000000, 0x0000000613400000|  0%| F|  |TAMS 0x0000000613000000| PB 0x0000000613000000| Untracked |  0
|  57|0x0000000613400000, 0x0000000613400000, 0x0000000613800000|  0%| F|  |TAMS 0x0000000613400000| PB 0x0000000613400000| Untracked |  0
|  58|0x0000000613800000, 0x0000000613800000, 0x0000000613c00000|  0%| F|  |TAMS 0x0000000613800000| PB 0x0000000613800000| Untracked |  0
|  59|0x0000000613c00000, 0x0000000613c00000, 0x0000000614000000|  0%| F|  |TAMS 0x0000000613c00000| PB 0x0000000613c00000| Untracked |  0
|  60|0x0000000614000000, 0x0000000614000000, 0x0000000614400000|  0%| F|  |TAMS 0x0000000614000000| PB 0x0000000614000000| Untracked |  0
|  61|0x0000000614400000, 0x0000000614400000, 0x0000000614800000|  0%| F|  |TAMS 0x0000000614400000| PB 0x0000000614400000| Untracked |  0
|  62|0x0000000614800000, 0x0000000614800000, 0x0000000614c00000|  0%| F|  |TAMS 0x0000000614800000| PB 0x0000000614800000| Untracked |  0
|  63|0x0000000614c00000, 0x0000000614c00000, 0x0000000615000000|  0%| F|  |TAMS 0x0000000614c00000| PB 0x0000000614c00000| Untracked |  0
|  64|0x0000000615000000, 0x0000000615000000, 0x0000000615400000|  0%| F|  |TAMS 0x0000000615000000| PB 0x0000000615000000| Untracked |  0
|  65|0x0000000615400000, 0x0000000615400000, 0x0000000615800000|  0%| F|  |TAMS 0x0000000615400000| PB 0x0000000615400000| Untracked |  0
|  66|0x0000000615800000, 0x0000000615800000, 0x0000000615c00000|  0%| F|  |TAMS 0x0000000615800000| PB 0x0000000615800000| Untracked |  0
|  67|0x0000000615c00000, 0x0000000615c00000, 0x0000000616000000|  0%| F|  |TAMS 0x0000000615c00000| PB 0x0000000615c00000| Untracked |  0
|  68|0x0000000616000000, 0x0000000616000000, 0x0000000616400000|  0%| F|  |TAMS 0x0000000616000000| PB 0x0000000616000000| Untracked |  0
|  69|0x0000000616400000, 0x0000000616400000, 0x0000000616800000|  0%| F|  |TAMS 0x0000000616400000| PB 0x0000000616400000| Untracked |  0
|  70|0x0000000616800000, 0x0000000616800000, 0x0000000616c00000|  0%| F|  |TAMS 0x0000000616800000| PB 0x0000000616800000| Untracked |  0
|  71|0x0000000616c00000, 0x0000000616c00000, 0x0000000617000000|  0%| F|  |TAMS 0x0000000616c00000| PB 0x0000000616c00000| Untracked |  0
|  72|0x0000000617000000, 0x0000000617000000, 0x0000000617400000|  0%| F|  |TAMS 0x0000000617000000| PB 0x0000000617000000| Untracked |  0
|  73|0x0000000617400000, 0x0000000617400000, 0x0000000617800000|  0%| F|  |TAMS 0x0000000617400000| PB 0x0000000617400000| Untracked |  0
|  74|0x0000000617800000, 0x0000000617800000, 0x0000000617c00000|  0%| F|  |TAMS 0x0000000617800000| PB 0x0000000617800000| Untracked |  0
|  75|0x0000000617c00000, 0x0000000617c00000, 0x0000000618000000|  0%| F|  |TAMS 0x0000000617c00000| PB 0x0000000617c00000| Untracked |  0
|  76|0x0000000618000000, 0x0000000618000000, 0x0000000618400000|  0%| F|  |TAMS 0x0000000618000000| PB 0x0000000618000000| Untracked |  0
|  77|0x0000000618400000, 0x0000000618400000, 0x0000000618800000|  0%| F|  |TAMS 0x0000000618400000| PB 0x0000000618400000| Untracked |  0
|  78|0x0000000618800000, 0x0000000618800000, 0x0000000618c00000|  0%| F|  |TAMS 0x0000000618800000| PB 0x0000000618800000| Untracked |  0
|  79|0x0000000618c00000, 0x0000000618c00000, 0x0000000619000000|  0%| F|  |TAMS 0x0000000618c00000| PB 0x0000000618c00000| Untracked |  0
|  80|0x0000000619000000, 0x0000000619000000, 0x0000000619400000|  0%| F|  |TAMS 0x0000000619000000| PB 0x0000000619000000| Untracked |  0
|  81|0x0000000619400000, 0x0000000619400000, 0x0000000619800000|  0%| F|  |TAMS 0x0000000619400000| PB 0x0000000619400000| Untracked |  0
|  82|0x0000000619800000, 0x0000000619800000, 0x0000000619c00000|  0%| F|  |TAMS 0x0000000619800000| PB 0x0000000619800000| Untracked |  0
|  83|0x0000000619c00000, 0x0000000619c00000, 0x000000061a000000|  0%| F|  |TAMS 0x0000000619c00000| PB 0x0000000619c00000| Untracked |  0
|  84|0x000000061a000000, 0x000000061a000000, 0x000000061a400000|  0%| F|  |TAMS 0x000000061a000000| PB 0x000000061a000000| Untracked |  0
|  85|0x000000061a400000, 0x000000061a400000, 0x000000061a800000|  0%| F|  |TAMS 0x000000061a400000| PB 0x000000061a400000| Untracked |  0
|  86|0x000000061a800000, 0x000000061a800000, 0x000000061ac00000|  0%| F|  |TAMS 0x000000061a800000| PB 0x000000061a800000| Untracked |  0
|  87|0x000000061ac00000, 0x000000061ac00000, 0x000000061b000000|  0%| F|  |TAMS 0x000000061ac00000| PB 0x000000061ac00000| Untracked |  0
|  88|0x000000061b000000, 0x000000061b000000, 0x000000061b400000|  0%| F|  |TAMS 0x000000061b000000| PB 0x000000061b000000| Untracked |  0
|  89|0x000000061b400000, 0x000000061b400000, 0x000000061b800000|  0%| F|  |TAMS 0x000000061b400000| PB 0x000000061b400000| Untracked |  0
|  90|0x000000061b800000, 0x000000061b800000, 0x000000061bc00000|  0%| F|  |TAMS 0x000000061b800000| PB 0x000000061b800000| Untracked |  0
|  91|0x000000061bc00000, 0x000000061bc00000, 0x000000061c000000|  0%| F|  |TAMS 0x000000061bc00000| PB 0x000000061bc00000| Untracked |  0
|  92|0x000000061c000000, 0x000000061c000000, 0x000000061c400000|  0%| F|  |TAMS 0x000000061c000000| PB 0x000000061c000000| Untracked |  0
|  93|0x000000061c400000, 0x000000061c400000, 0x000000061c800000|  0%| F|  |TAMS 0x000000061c400000| PB 0x000000061c400000| Untracked |  0
|  94|0x000000061c800000, 0x000000061c800000, 0x000000061cc00000|  0%| F|  |TAMS 0x000000061c800000| PB 0x000000061c800000| Untracked |  0
|  95|0x000000061cc00000, 0x000000061cc00000, 0x000000061d000000|  0%| F|  |TAMS 0x000000061cc00000| PB 0x000000061cc00000| Untracked |  0
|  96|0x000000061d000000, 0x000000061d000000, 0x000000061d400000|  0%| F|  |TAMS 0x000000061d000000| PB 0x000000061d000000| Untracked |  0
|  97|0x000000061d400000, 0x000000061d400000, 0x000000061d800000|  0%| F|  |TAMS 0x000000061d400000| PB 0x000000061d400000| Untracked |  0
|  98|0x000000061d800000, 0x000000061d800000, 0x000000061dc00000|  0%| F|  |TAMS 0x000000061d800000| PB 0x000000061d800000| Untracked |  0
|  99|0x000000061dc00000, 0x000000061dc00000, 0x000000061e000000|  0%| F|  |TAMS 0x000000061dc00000| PB 0x000000061dc00000| Untracked |  0
| 100|0x000000061e000000, 0x000000061e000000, 0x000000061e400000|  0%| F|  |TAMS 0x000000061e000000| PB 0x000000061e000000| Untracked |  0
| 101|0x000000061e400000, 0x000000061e400000, 0x000000061e800000|  0%| F|  |TAMS 0x000000061e400000| PB 0x000000061e400000| Untracked |  0
| 102|0x000000061e800000, 0x000000061e800000, 0x000000061ec00000|  0%| F|  |TAMS 0x000000061e800000| PB 0x000000061e800000| Untracked |  0
| 103|0x000000061ec00000, 0x000000061ec00000, 0x000000061f000000|  0%| F|  |TAMS 0x000000061ec00000| PB 0x000000061ec00000| Untracked |  0
| 104|0x000000061f000000, 0x000000061f000000, 0x000000061f400000|  0%| F|  |TAMS 0x000000061f000000| PB 0x000000061f000000| Untracked |  0
| 105|0x000000061f400000, 0x000000061f400000, 0x000000061f800000|  0%| F|  |TAMS 0x000000061f400000| PB 0x000000061f400000| Untracked |  0
| 106|0x000000061f800000, 0x000000061f800000, 0x000000061fc00000|  0%| F|  |TAMS 0x000000061f800000| PB 0x000000061f800000| Untracked |  0
| 107|0x000000061fc00000, 0x000000061fc00000, 0x0000000620000000|  0%| F|  |TAMS 0x000000061fc00000| PB 0x000000061fc00000| Untracked |  0
| 108|0x0000000620000000, 0x0000000620000000, 0x0000000620400000|  0%| F|  |TAMS 0x0000000620000000| PB 0x0000000620000000| Untracked |  0
| 109|0x0000000620400000, 0x0000000620400000, 0x0000000620800000|  0%| F|  |TAMS 0x0000000620400000| PB 0x0000000620400000| Untracked |  0
| 110|0x0000000620800000, 0x0000000620800000, 0x0000000620c00000|  0%| F|  |TAMS 0x0000000620800000| PB 0x0000000620800000| Untracked |  0
| 111|0x0000000620c00000, 0x0000000620c00000, 0x0000000621000000|  0%| F|  |TAMS 0x0000000620c00000| PB 0x0000000620c00000| Untracked |  0
| 112|0x0000000621000000, 0x0000000621000000, 0x0000000621400000|  0%| F|  |TAMS 0x0000000621000000| PB 0x0000000621000000| Untracked |  0
| 113|0x0000000621400000, 0x0000000621400000, 0x0000000621800000|  0%| F|  |TAMS 0x0000000621400000| PB 0x0000000621400000| Untracked |  0
| 114|0x0000000621800000, 0x0000000621800000, 0x0000000621c00000|  0%| F|  |TAMS 0x0000000621800000| PB 0x0000000621800000| Untracked |  0
| 115|0x0000000621c00000, 0x0000000621c00000, 0x0000000622000000|  0%| F|  |TAMS 0x0000000621c00000| PB 0x0000000621c00000| Untracked |  0
| 116|0x0000000622000000, 0x00000006220f5c48, 0x0000000622400000| 24%| E|  |TAMS 0x0000000622000000| PB 0x0000000622000000| Complete |  0
| 117|0x0000000622400000, 0x0000000622800000, 0x0000000622800000|100%| E|CS|TAMS 0x0000000622400000| PB 0x0000000622400000| Complete |  0
| 118|0x0000000622800000, 0x0000000622c00000, 0x0000000622c00000|100%| E|CS|TAMS 0x0000000622800000| PB 0x0000000622800000| Complete |  0
| 119|0x0000000622c00000, 0x0000000623000000, 0x0000000623000000|100%| E|CS|TAMS 0x0000000622c00000| PB 0x0000000622c00000| Complete |  0
| 120|0x0000000623000000, 0x0000000623400000, 0x0000000623400000|100%| E|CS|TAMS 0x0000000623000000| PB 0x0000000623000000| Complete |  0
| 121|0x0000000623400000, 0x0000000623800000, 0x0000000623800000|100%| E|CS|TAMS 0x0000000623400000| PB 0x0000000623400000| Complete |  0
| 122|0x0000000623800000, 0x0000000623c00000, 0x0000000623c00000|100%| E|CS|TAMS 0x0000000623800000| PB 0x0000000623800000| Complete |  0
| 123|0x0000000623c00000, 0x0000000624000000, 0x0000000624000000|100%| E|CS|TAMS 0x0000000623c00000| PB 0x0000000623c00000| Complete |  0
| 124|0x0000000624000000, 0x0000000624400000, 0x0000000624400000|100%| E|CS|TAMS 0x0000000624000000| PB 0x0000000624000000| Complete |  0
| 125|0x0000000624400000, 0x0000000624800000, 0x0000000624800000|100%| E|CS|TAMS 0x0000000624400000| PB 0x0000000624400000| Complete |  0
| 126|0x0000000624800000, 0x0000000624c00000, 0x0000000624c00000|100%| E|CS|TAMS 0x0000000624800000| PB 0x0000000624800000| Complete |  0
|2027|0x00000007ffc00000, 0x00000007ffd1c288, 0x0000000800000000| 27%| O|  |TAMS 0x00000007ffc00000| PB 0x00000007ffc00000| Untracked |  0

Card table byte_map: [0x00000170bf0d0000,0x00000170c00b0000] _byte_map_base: 0x00000170bc0a8000

Marking Bits: (CMBitMap*) 0x00000170a625b780
 Bits: [0x00000170c00b0000, 0x00000170c7f70000)

Polling page: 0x00000170a5820000

Metaspace:

Usage:
  Non-class:     12.63 MB used.
      Class:      1.32 MB used.
       Both:     13.95 MB used.

Virtual space:
  Non-class space:       64.00 MB reserved,      12.81 MB ( 20%) committed,  1 nodes.
      Class space:        1.00 GB reserved,       1.50 MB ( <1%) committed,  1 nodes.
             Both:        1.06 GB reserved,      14.31 MB (  1%) committed. 

Chunk freelists:
   Non-Class:  2.97 MB
       Class:  14.55 MB
        Both:  17.53 MB

MaxMetaspaceSize: unlimited
CompressedClassSpaceSize: 1.00 GB
Initial GC threshold: 21.00 MB
Current GC threshold: 21.00 MB
CDS: on
 - commit_granule_bytes: 65536.
 - commit_granule_words: 8192.
 - virtual_space_node_default_size: 8388608.
 - enlarge_chunks_in_place: 1.
UseCompressedClassPointers 1, UseCompactObjectHeaders 0
Narrow klass pointer bits 32, Max shift 3
Narrow klass base: 0x00000170cb000000, Narrow klass shift: 0
Encoding Range: [0x00000170cb000000 - 0x00000171cb000000), (4294967296 bytes)
Klass Range:    [0x00000170cb000000 - 0x000001710c000000), (1090519040 bytes)
Klass ID Range:  [8 - 1090519033) (1090519025)


Internal statistics:

num_allocs_failed_limit: 0.
num_arena_births: 270.
num_arena_deaths: 0.
num_vsnodes_births: 2.
num_vsnodes_deaths: 0.
num_space_committed: 229.
num_space_uncommitted: 0.
num_chunks_returned_to_freelist: 0.
num_chunks_taken_from_freelist: 341.
num_chunk_merges: 0.
num_chunk_splits: 213.
num_chunks_enlarged: 112.
num_inconsistent_stats: 0.

CodeHeap 'non-profiled nmethods': size=120064Kb used=739Kb max_used=739Kb free=119324Kb
 bounds [0x00000170b6550000, 0x00000170b67c0000, 0x00000170bda90000]
CodeHeap 'profiled nmethods': size=120000Kb used=2946Kb max_used=2946Kb free=117053Kb
 bounds [0x00000170aea90000, 0x00000170aed80000, 0x00000170b5fc0000]
CodeHeap 'non-nmethods': size=5696Kb used=1515Kb max_used=1592Kb free=4181Kb
 bounds [0x00000170b5fc0000, 0x00000170b6230000, 0x00000170b6550000]
CodeCache: size=245760Kb, used=5200Kb, max_used=5277Kb, free=240558Kb
 total_blobs=2871, nmethods=2186, adapters=590, full_count=0
Compilation: enabled, stopped_count=0, restarted_count=0

Compilation events (20 events):
Event: 7.119 Thread 0x00000171100274b0 nmethod 2180 0x00000170b65fe408 code [0x00000170b65fe500, 0x00000170b65fe5c8]
Event: 7.119 Thread 0x000001711026f110 2164       4       java.util.LinkedHashMap::get (29 bytes)
Event: 7.119 Thread 0x00000171100274b0 2182       1       jdk.jfr.internal.periodic.EventTask::getEventType (5 bytes)
Event: 7.119 Thread 0x000001711001cd00 nmethod 2162 0x00000170b65fe708 code [0x00000170b65fe840, 0x00000170b65fed38]
Event: 7.119 Thread 0x000001711001cd00 2153       4       java.io.DataOutputStream::incCount (20 bytes)
Event: 7.120 Thread 0x00000171100274b0 nmethod 2182 0x00000170b65fed88 code [0x00000170b65fee80, 0x00000170b65fef48]
Event: 7.120 Thread 0x00000171100274b0 2183       1       jdk.jfr.internal.periodic.PeriodicTask::getPeriod (5 bytes)
Event: 7.120 Thread 0x00000171100274b0 nmethod 2183 0x00000170b65ff088 code [0x00000170b65ff180, 0x00000170b65ff248]
Event: 7.120 Thread 0x00000171100274b0 2184       3       java.util.Comparator$$Lambda/0x00000170cc13fb80::compare (10 bytes)
Event: 7.120 Thread 0x000001711001cd00 nmethod 2153 0x00000170b65ff388 code [0x00000170b65ff480, 0x00000170b65ff518]
Event: 7.120 Thread 0x000001711001cd00 2158  s    4       java.io.DataOutputStream::write (14 bytes)
Event: 7.120 Thread 0x00000171100274b0 nmethod 2184 0x00000170aed6fd08 code [0x00000170aed6fe60, 0x00000170aed702d8]
Event: 7.120 Thread 0x00000171100274b0 2185       3       java.util.Comparator::lambda$comparingLong$6043328a$1 (18 bytes)
Event: 7.120 Thread 0x00000171100274b0 nmethod 2185 0x00000170aed70308 code [0x00000170aed70460, 0x00000170aed70840]
Event: 7.120 Thread 0x00000171100274b0 2186       3       java.util.ImmutableCollections$Access$1::listFromTrustedArray (5 bytes)
Event: 7.120 Thread 0x00000171100274b0 nmethod 2186 0x00000170aed70888 code [0x00000170aed709a0, 0x00000170aed70ad0]
Event: 7.122 Thread 0x000001711001cd00 nmethod 2158 0x00000170b65ff688 code [0x00000170b65ff7e0, 0x00000170b65fffc0]
Event: 7.122 Thread 0x000001711001cd00 2159       4       jdk.jfr.internal.MetadataWriter::writeInt (148 bytes)
Event: 7.122 Thread 0x000001711026f110 nmethod 2164 0x00000170b6600008 code [0x00000170b6600140, 0x00000170b6600488]
Event: 7.125 Thread 0x000001711001cd00 nmethod 2159 0x00000170b6600508 code [0x00000170b66006e0, 0x00000170b6601128]

GC Heap History (0 events):
No events

Dll operation events (15 events):
Event: 0.007 Loaded shared library C:\Users\medmo\.jdks\openjdk-24.0.1\bin\java.dll
Event: 0.029 Loaded shared library C:\Users\medmo\.jdks\openjdk-24.0.1\bin\jsvml.dll
Event: 0.055 Loaded shared library C:\Users\medmo\.jdks\openjdk-24.0.1\bin\zip.dll
Event: 0.057 Loaded shared library C:\Users\medmo\.jdks\openjdk-24.0.1\bin\instrument.dll
Event: 0.062 Loaded shared library C:\Users\medmo\.jdks\openjdk-24.0.1\bin\net.dll
Event: 0.064 Loaded shared library C:\Users\medmo\.jdks\openjdk-24.0.1\bin\nio.dll
Event: 0.067 Loaded shared library C:\Users\medmo\.jdks\openjdk-24.0.1\bin\zip.dll
Event: 0.087 Loaded shared library C:\Users\medmo\.jdks\openjdk-24.0.1\bin\extnet.dll
Event: 0.093 Loaded shared library C:\Users\medmo\.jdks\openjdk-24.0.1\bin\jimage.dll
Event: 0.101 Loaded shared library C:\Users\medmo\.jdks\openjdk-24.0.1\bin\awt.dll
Event: 0.144 Loaded shared library C:\Users\medmo\.jdks\openjdk-24.0.1\bin\management.dll
Event: 0.149 Loaded shared library C:\Users\medmo\.jdks\openjdk-24.0.1\bin\management_ext.dll
Event: 0.278 Loaded shared library C:\Users\medmo\.jdks\openjdk-24.0.1\bin\freetype.dll
Event: 0.279 Loaded shared library C:\Users\medmo\.jdks\openjdk-24.0.1\bin\fontmanager.dll
Event: 6.989 Loaded shared library C:\Users\medmo\AppData\Local\Temp\idea_libasyncProfiler_dll_temp_folder1\libasyncProfiler.dll

Deoptimization events (20 events):
Event: 7.059 Thread 0x0000017110014910 Uncommon trap: trap_request=0xffffff4d fr.pc=0x00000170b65eb660 relative=0x00000000000000c0
Event: 7.059 Thread 0x0000017110014910 Uncommon trap: reason=unstable_if action=reinterpret pc=0x00000170b65eb660 method=jdk.jfr.internal.Type.getKnownType(Ljava/lang/Class;)Ljdk/jfr/internal/Type; @ 47 c2
Event: 7.059 Thread 0x0000017110014910 DEOPT PACKING pc=0x00000170b65eb660 sp=0x0000003a056fdf50
Event: 7.059 Thread 0x0000017110014910 DEOPT UNPACKING pc=0x00000170b60d8602 sp=0x0000003a056fdee8 mode 2
Event: 7.064 Thread 0x0000017110014910 Uncommon trap: trap_request=0xffffff4d fr.pc=0x00000170b65a616c relative=0x000000000000046c
Event: 7.064 Thread 0x0000017110014910 Uncommon trap: reason=unstable_if action=reinterpret pc=0x00000170b65a616c method=java.util.concurrent.ConcurrentHashMap.get(Ljava/lang/Object;)Ljava/lang/Object; @ 76 c2
Event: 7.064 Thread 0x0000017110014910 DEOPT PACKING pc=0x00000170b65a616c sp=0x0000003a056fdf60
Event: 7.064 Thread 0x0000017110014910 DEOPT UNPACKING pc=0x00000170b60d8602 sp=0x0000003a056fdee8 mode 2
Event: 7.070 Thread 0x0000017110014910 Uncommon trap: trap_request=0xffffffcc fr.pc=0x00000170b65efc7c relative=0x00000000000003bc
Event: 7.070 Thread 0x0000017110014910 Uncommon trap: reason=intrinsic_or_type_checked_inlining action=make_not_entrant pc=0x00000170b65efc7c method=java.util.Arrays.copyOf([Ljava/lang/Object;ILjava/lang/Class;)[Ljava/lang/Object; @ 35 c2
Event: 7.070 Thread 0x0000017110014910 DEOPT PACKING pc=0x00000170b65efc7c sp=0x0000003a056fe0c0
Event: 7.070 Thread 0x0000017110014910 DEOPT UNPACKING pc=0x00000170b60d8602 sp=0x0000003a056fe068 mode 2
Event: 7.104 Thread 0x0000017110014910 Uncommon trap: trap_request=0xffffff4d fr.pc=0x00000170b65f9eac relative=0x000000000000020c
Event: 7.104 Thread 0x0000017110014910 Uncommon trap: reason=unstable_if action=reinterpret pc=0x00000170b65f9eac method=java.io.ByteArrayOutputStream.ensureCapacity(I)V @ 11 c2
Event: 7.104 Thread 0x0000017110014910 DEOPT PACKING pc=0x00000170b65f9eac sp=0x0000003a056fe3e0
Event: 7.104 Thread 0x0000017110014910 DEOPT UNPACKING pc=0x00000170b60d8602 sp=0x0000003a056fe318 mode 2
Event: 7.106 Thread 0x0000017110014910 Uncommon trap: trap_request=0xffffff4d fr.pc=0x00000170b65f99e4 relative=0x0000000000000064
Event: 7.106 Thread 0x0000017110014910 Uncommon trap: reason=unstable_if action=reinterpret pc=0x00000170b65f99e4 method=java.io.ByteArrayOutputStream.ensureCapacity(I)V @ 11 c2
Event: 7.106 Thread 0x0000017110014910 DEOPT PACKING pc=0x00000170b65f99e4 sp=0x0000003a056fe240
Event: 7.106 Thread 0x0000017110014910 DEOPT UNPACKING pc=0x00000170b60d8602 sp=0x0000003a056fe1c0 mode 2

Classes loaded (20 events):
Event: 7.094 Loading class jdk/jfr/internal/MetadataWriter
Event: 7.094 Loading class jdk/jfr/internal/MetadataWriter done
Event: 7.094 Loading class jdk/jfr/internal/MetadataDescriptor$Element
Event: 7.094 Loading class jdk/jfr/internal/MetadataDescriptor$Element done
Event: 7.094 Loading class jdk/jfr/internal/MetadataDescriptor$Attribute
Event: 7.094 Loading class jdk/jfr/internal/MetadataDescriptor$Attribute done
Event: 7.101 Loading class jdk/jfr/internal/consumer/StringParser$Encoding
Event: 7.101 Loading class jdk/jfr/internal/consumer/StringParser$Encoding done
Event: 7.110 Loading class jdk/jfr/internal/consumer/RepositoryFiles
Event: 7.110 Loading class jdk/jfr/internal/consumer/RepositoryFiles done
Event: 7.114 Loading class jdk/jfr/internal/SettingsManager$InternalSetting
Event: 7.114 Loading class jdk/jfr/internal/SettingsManager$InternalSetting done
Event: 7.115 Loading class jdk/jfr/internal/util/Rate
Event: 7.115 Loading class jdk/jfr/internal/util/Rate done
Event: 7.116 Loading class jdk/jfr/internal/util/TimespanUnit
Event: 7.116 Loading class jdk/jfr/internal/util/TimespanUnit done
Event: 7.116 Loading class jdk/jfr/internal/util/ValueParser
Event: 7.116 Loading class jdk/jfr/internal/util/ValueParser done
Event: 7.117 Loading class jdk/jfr/internal/periodic/PeriodicType
Event: 7.117 Loading class jdk/jfr/internal/periodic/PeriodicType done

Classes unloaded (0 events):
No events

Classes redefined (0 events):
No events

Internal exceptions (20 events):
Event: 0.399 Thread 0x00000171117864a0 Exception <a 'java/lang/NoSuchMethodError'{0x0000000623205638}: 'java.lang.Object java.lang.invoke.Invokers$Holder.linkToTargetMethod(java.lang.Object, long, java.lang.Object)'> (0x0000000623205638) 
thrown [s\open\src\hotspot\share\interpreter\linkResolver.cpp, line 805]
Event: 0.400 Thread 0x00000171109e9200 Exception <a 'java/lang/ClassNotFoundException'{0x00000006230257e0}: javax/management/remote/rmi/RMIConnectionImpl_Skel> (0x00000006230257e0) 
thrown [s\open\src\hotspot\share\classfile\systemDictionary.cpp, line 327]
Event: 0.405 Thread 0x00000171109e9200 Exception <a 'java/lang/NoSuchMethodError'{0x0000000623042cb0}: 'java.lang.Object java.lang.invoke.DirectMethodHandle$Holder.invokeInterface(java.lang.Object, java.lang.Object)'> (0x0000000623042cb0) 
thrown [s\open\src\hotspot\share\interpreter\linkResolver.cpp, line 805]
Event: 0.409 Thread 0x00000171109e9200 Exception <a 'java/lang/NoSuchMethodError'{0x000000062306aef0}: 'int java.lang.invoke.DelegatingMethodHandle$Holder.reinvoke_L(java.lang.Object, java.lang.Object, java.lang.Object, java.lang.Object, java.lang.Object)'> (0x000000062306aef0) 
thrown [s\open\src\hotspot\share\interpreter\linkResolver.cpp, line 805]
Event: 0.413 Thread 0x00000171109e9200 Exception <a 'java/lang/NoSuchMethodError'{0x00000006230ade38}: 'java.lang.Object java.lang.invoke.DirectMethodHandle$Holder.invokeStatic(java.lang.Object, java.lang.Object, java.lang.Object, java.lang.Object, java.lang.Object, java.lang.Object, java.lang.Object, java.lang.Object)'> (0x00000006230ade38) 
thrown [s\open\src\hotspot\share\interpreter\linkResolver.cpp, line 805]
Event: 0.416 Thread 0x00000171109e9200 Exception <a 'java/lang/NoSuchMethodError'{0x00000006230d1740}: 'java.lang.Object java.lang.invoke.DirectMethodHandle$Holder.invokeStatic(java.lang.Object, java.lang.Object, java.lang.Object, java.lang.Object, java.lang.Object, java.lang.Object, java.lang.Object, java.lang.Object, java.lang.Object)'> (0x00000006230d1740) 
thrown [s\open\src\hotspot\share\interpreter\linkResolver.cpp, line 805]
Event: 0.417 Thread 0x00000171109e9200 Exception <a 'java/lang/NoSuchMethodError'{0x00000006230e4bf0}: 'java.lang.Object java.lang.invoke.Invokers$Holder.invokeExact_MT(java.lang.Object, java.lang.Object, java.lang.Object, java.lang.Object, java.lang.Object, java.lang.Object)'> (0x00000006230e4bf0) 
thrown [s\open\src\hotspot\share\interpreter\linkResolver.cpp, line 805]
Event: 0.420 Thread 0x00000171109e9200 Exception <a 'java/lang/NoSuchMethodError'{0x00000006230f0930}: 'java.lang.Object java.lang.invoke.DirectMethodHandle$Holder.invokeInterface(java.lang.Object, java.lang.Object, java.lang.Object, java.lang.Object, java.lang.Object)'> (0x00000006230f0930) 
thrown [s\open\src\hotspot\share\interpreter\linkResolver.cpp, line 805]
Event: 0.426 Thread 0x00000171109e9200 Exception <a 'java/lang/NoSuchMethodError'{0x0000000622c49118}: 'double java.lang.invoke.DirectMethodHandle$Holder.invokeInterface(java.lang.Object, java.lang.Object)'> (0x0000000622c49118) 
thrown [s\open\src\hotspot\share\interpreter\linkResolver.cpp, line 805]
Event: 0.426 Thread 0x00000171109e9200 Exception <a 'java/lang/NoSuchMethodError'{0x0000000622c59d88}: 'double java.lang.invoke.DelegatingMethodHandle$Holder.reinvoke_L(java.lang.Object, java.lang.Object)'> (0x0000000622c59d88) 
thrown [s\open\src\hotspot\share\interpreter\linkResolver.cpp, line 805]
Event: 0.620 Thread 0x00000171109e9200 Exception <a 'java/lang/NoSuchMethodError'{0x0000000622c81910}: 'long java.lang.invoke.DirectMethodHandle$Holder.invokeVirtual(java.lang.Object, java.lang.Object)'> (0x0000000622c81910) 
thrown [s\open\src\hotspot\share\interpreter\linkResolver.cpp, line 805]
Event: 0.620 Thread 0x00000171109e9200 Exception <a 'java/lang/NoSuchMethodError'{0x0000000622c91bc0}: 'long java.lang.invoke.DelegatingMethodHandle$Holder.reinvoke_L(java.lang.Object, java.lang.Object)'> (0x0000000622c91bc0) 
thrown [s\open\src\hotspot\share\interpreter\linkResolver.cpp, line 805]
Event: 7.036 Thread 0x0000017110014910 Exception <a 'java/lang/NoSuchMethodError'{0x0000000622813788}: 'int java.lang.invoke.DirectMethodHandle$Holder.invokeStatic(java.lang.Object, java.lang.Object, java.lang.Object, java.lang.Object)'> (0x0000000622813788) 
thrown [s\open\src\hotspot\share\interpreter\linkResolver.cpp, line 805]
Event: 7.085 Thread 0x0000017110014910 Exception <a 'java/lang/NoSuchMethodError'{0x000000062241e938}: 'void java.lang.invoke.DirectMethodHandle$Holder.invokeSpecial(java.lang.Object, java.lang.Object, int)'> (0x000000062241e938) 
thrown [s\open\src\hotspot\share\interpreter\linkResolver.cpp, line 805]
Event: 7.085 Thread 0x0000017110014910 Exception <a 'java/lang/NoSuchMethodError'{0x0000000622426558}: 'void java.lang.invoke.Invokers$Holder.invokeExact_MT(java.lang.Object, int, java.lang.Object)'> (0x0000000622426558) 
thrown [s\open\src\hotspot\share\interpreter\linkResolver.cpp, line 805]
Event: 7.086 Thread 0x0000017110014910 Exception <a 'java/lang/NoSuchMethodError'{0x00000006224409a0}: 'void java.lang.invoke.DirectMethodHandle$Holder.invokeStatic(java.lang.Object, java.lang.Object, int)'> (0x00000006224409a0) 
thrown [s\open\src\hotspot\share\interpreter\linkResolver.cpp, line 805]
Event: 7.086 Thread 0x0000017110014910 Exception <a 'java/lang/NoSuchMethodError'{0x000000062244f8a8}: 'java.lang.Object java.lang.invoke.DirectMethodHandle$Holder.newInvokeSpecial(java.lang.Object, java.lang.Object, int)'> (0x000000062244f8a8) 
thrown [s\open\src\hotspot\share\interpreter\linkResolver.cpp, line 805]
Event: 7.089 Thread 0x0000017110014910 Exception <a 'sun/nio/fs/WindowsException'{0x0000000622483968}> (0x0000000622483968) 
thrown [s\open\src\hotspot\share\prims\jni.cpp, line 518]
Event: 7.091 Thread 0x0000017110014910 Exception <a 'sun/nio/fs/WindowsException'{0x0000000622490740}> (0x0000000622490740) 
thrown [s\open\src\hotspot\share\prims\jni.cpp, line 518]
Event: 7.093 Thread 0x0000017110014910 Exception <a 'sun/nio/fs/WindowsException'{0x00000006224a24f0}> (0x00000006224a24f0) 
thrown [s\open\src\hotspot\share\prims\jni.cpp, line 518]

VM Operations (18 events):
Event: 0.047 Executing VM operation: HandshakeAllThreads (Deoptimize)
Event: 0.047 Executing VM operation: HandshakeAllThreads (Deoptimize) done
Event: 0.099 Executing VM operation: HandshakeAllThreads (Deoptimize)
Event: 0.099 Executing VM operation: HandshakeAllThreads (Deoptimize) done
Event: 0.224 Executing VM operation: HandshakeAllThreads (Deoptimize)
Event: 0.224 Executing VM operation: HandshakeAllThreads (Deoptimize) done
Event: 0.297 Executing VM operation: HandshakeAllThreads (Deoptimize)
Event: 0.297 Executing VM operation: HandshakeAllThreads (Deoptimize) done
Event: 0.299 Executing VM operation: HandshakeAllThreads (Deoptimize)
Event: 0.299 Executing VM operation: HandshakeAllThreads (Deoptimize) done
Event: 0.398 Executing VM operation: HandshakeAllThreads (Deoptimize)
Event: 0.398 Executing VM operation: HandshakeAllThreads (Deoptimize) done
Event: 0.432 Executing VM operation: HandshakeAllThreads (Deoptimize)
Event: 0.432 Executing VM operation: HandshakeAllThreads (Deoptimize) done
Event: 7.088 Executing VM operation: HandshakeAllThreads (Deoptimize)
Event: 7.088 Executing VM operation: HandshakeAllThreads (Deoptimize) done
Event: 7.111 Executing VM operation: JFRSafepointClear
Event: 7.111 Executing VM operation: JFRSafepointClear done

Memory protections (0 events):
No events

Nmethod flushes (0 events):
No events

Events (20 events):
Event: 0.077 Thread 0x00000170a3d9b750 Thread added: 0x0000017110228d50
Event: 0.102 Thread 0x000001711001cd00 Thread added: 0x000001711026e1f0
Event: 0.145 Thread 0x00000170a3d9b750 Thread added: 0x0000017110359940
Event: 0.145 Thread 0x00000170a3d9b750 Thread added: 0x000001711035a080
Event: 0.146 Thread 0x00000170a3d9b750 Thread added: 0x000001711035a7c0
Event: 0.208 Thread 0x000001711026e1f0 Thread added: 0x000001711026da60
Event: 0.242 Thread 0x00000170a3d9b750 Thread added: 0x00000171109714d0
Event: 0.363 Thread 0x0000017110014910 Thread added: 0x0000017110a51170
Event: 0.377 Thread 0x0000017110a51170 Thread added: 0x00000171109e9200
Event: 0.391 Thread 0x00000171109e9200 Thread added: 0x00000171117ae9c0
Event: 0.396 Thread 0x00000171109e9200 Thread added: 0x00000171117864a0
Event: 0.412 Thread 0x00000170a3d9b750 Thread exited: 0x00000170a3d9b750
Event: 0.412 Thread 0x0000017111785600 Thread added: 0x0000017111785600
Event: 0.618 Thread 0x000001711026da60 Thread exited: 0x000001711026da60
Event: 0.618 Thread 0x000001711026e1f0 Thread exited: 0x000001711026e1f0
Event: 1.334 Thread 0x00000171109714d0 Thread added: 0x0000017111783170
Event: 6.999 Thread 0x00000171100274b0 Thread added: 0x000001711026e1f0
Event: 7.009 Thread 0x0000017110014910 Thread added: 0x0000017111784760
Event: 7.035 Thread 0x00000171100274b0 Thread added: 0x000001711026f110
Event: 7.087 Thread 0x0000017110014910 Thread added: 0x0000017111784eb0


Dynamic libraries:
0x00007ff6a0d10000 - 0x00007ff6a0d1e000 	C:\Users\medmo\.jdks\openjdk-24.0.1\bin\java.exe
0x00007ffa6a1c0000 - 0x00007ffa6a420000 	C:\WINDOWS\SYSTEM32\ntdll.dll
0x00007ffa69390000 - 0x00007ffa69457000 	C:\WINDOWS\System32\KERNEL32.DLL
0x00007ffa67870000 - 0x00007ffa67c3a000 	C:\WINDOWS\System32\KERNELBASE.dll
0x00007ffa63c50000 - 0x00007ffa63cec000 	C:\WINDOWS\SYSTEM32\apphelp.dll
0x00007ffa67e70000 - 0x00007ffa67fbb000 	C:\WINDOWS\System32\ucrtbase.dll
0x00007ffa396e0000 - 0x00007ffa396f6000 	C:\Users\medmo\.jdks\openjdk-24.0.1\bin\jli.dll
0x00007ffa5f630000 - 0x00007ffa5f64b000 	C:\Users\medmo\.jdks\openjdk-24.0.1\bin\VCRUNTIME140.dll
0x00007ffa67fd0000 - 0x00007ffa6819c000 	C:\WINDOWS\System32\USER32.dll
0x00007ffa4ea40000 - 0x00007ffa4ecd7000 	C:\WINDOWS\WinSxS\amd64_microsoft.windows.common-controls_6595b64144ccf1df_6.0.26100.3624_none_3e086962e3345f24\COMCTL32.dll
0x00007ffa67c40000 - 0x00007ffa67c67000 	C:\WINDOWS\System32\win32u.dll
0x00007ffa694f0000 - 0x00007ffa69599000 	C:\WINDOWS\System32\msvcrt.dll
0x00007ffa68280000 - 0x00007ffa682aa000 	C:\WINDOWS\System32\GDI32.dll
0x00007ffa67730000 - 0x00007ffa67861000 	C:\WINDOWS\System32\gdi32full.dll
0x00007ffa67680000 - 0x00007ffa67723000 	C:\WINDOWS\System32\msvcp_win.dll
0x00007ffa69610000 - 0x00007ffa6963f000 	C:\WINDOWS\System32\IMM32.DLL
0x00007ffa5cc90000 - 0x00007ffa5cc9c000 	C:\Users\medmo\.jdks\openjdk-24.0.1\bin\vcruntime140_1.dll
0x00007ffa2a680000 - 0x00007ffa2a70e000 	C:\Users\medmo\.jdks\openjdk-24.0.1\bin\msvcp140.dll
0x00007ff9efd30000 - 0x00007ff9f0ad2000 	C:\Users\medmo\.jdks\openjdk-24.0.1\bin\server\jvm.dll
0x00007ffa6a0c0000 - 0x00007ffa6a172000 	C:\WINDOWS\System32\ADVAPI32.dll
0x00007ffa69800000 - 0x00007ffa698a6000 	C:\WINDOWS\System32\sechost.dll
0x00007ffa68960000 - 0x00007ffa68a76000 	C:\WINDOWS\System32\RPCRT4.dll
0x00007ffa688e0000 - 0x00007ffa68954000 	C:\WINDOWS\System32\WS2_32.dll
0x00007ffa5bb30000 - 0x00007ffa5bb3b000 	C:\WINDOWS\SYSTEM32\VERSION.dll
0x00007ffa66380000 - 0x00007ffa663de000 	C:\WINDOWS\SYSTEM32\POWRPROF.dll
0x00007ffa561c0000 - 0x00007ffa561f6000 	C:\WINDOWS\SYSTEM32\WINMM.dll
0x00007ffa66360000 - 0x00007ffa66374000 	C:\WINDOWS\SYSTEM32\UMPDC.dll
0x00007ffa66200000 - 0x00007ffa6621a000 	C:\WINDOWS\SYSTEM32\kernel.appcore.dll
0x00007ffa4e6b0000 - 0x00007ffa4e6ba000 	C:\Users\medmo\.jdks\openjdk-24.0.1\bin\jimage.dll
0x00007ffa64be0000 - 0x00007ffa64e21000 	C:\WINDOWS\SYSTEM32\DBGHELP.DLL
0x00007ffa69c30000 - 0x00007ffa69fb2000 	C:\WINDOWS\System32\combase.dll
0x00007ffa69b40000 - 0x00007ffa69c16000 	C:\WINDOWS\System32\OLEAUT32.dll
0x00007ffa1f970000 - 0x00007ffa1f9a9000 	C:\WINDOWS\SYSTEM32\dbgcore.DLL
0x00007ffa673a0000 - 0x00007ffa67439000 	C:\WINDOWS\System32\bcryptPrimitives.dll
0x00007ffa42480000 - 0x00007ffa4248f000 	C:\Users\medmo\.jdks\openjdk-24.0.1\bin\instrument.dll
0x00007ffa396c0000 - 0x00007ffa396de000 	C:\Users\medmo\.jdks\openjdk-24.0.1\bin\java.dll
0x00007ffa68740000 - 0x00007ffa688d6000 	C:\WINDOWS\System32\ole32.dll
0x00007ffa68a80000 - 0x00007ffa691a9000 	C:\WINDOWS\System32\SHELL32.dll
0x00007ffa67d00000 - 0x00007ffa67e68000 	C:\WINDOWS\System32\wintypes.dll
0x00007ffa65010000 - 0x00007ffa65862000 	C:\WINDOWS\SYSTEM32\windows.storage.dll
0x00007ffa698c0000 - 0x00007ffa699ad000 	C:\WINDOWS\System32\SHCORE.dll
0x00007ffa695a0000 - 0x00007ffa69604000 	C:\WINDOWS\System32\shlwapi.dll
0x00007ffa672b0000 - 0x00007ffa672df000 	C:\WINDOWS\SYSTEM32\profapi.dll
0x00007ffa0cf40000 - 0x00007ffa0d017000 	C:\Users\medmo\.jdks\openjdk-24.0.1\bin\jsvml.dll
0x00007ffa39640000 - 0x00007ffa39657000 	C:\Users\medmo\.jdks\openjdk-24.0.1\bin\zip.dll
0x00007ffa39680000 - 0x00007ffa39690000 	C:\Users\medmo\.jdks\openjdk-24.0.1\bin\net.dll
0x00007ffa667f0000 - 0x00007ffa6685a000 	C:\WINDOWS\system32\mswsock.dll
0x00007ffa39660000 - 0x00007ffa39676000 	C:\Users\medmo\.jdks\openjdk-24.0.1\bin\nio.dll
0x00007ffa39630000 - 0x00007ffa39639000 	C:\Users\medmo\.jdks\openjdk-24.0.1\bin\extnet.dll
0x00007ffa018a0000 - 0x00007ffa01a1e000 	C:\Users\medmo\.jdks\openjdk-24.0.1\bin\awt.dll
0x00007ffa65c80000 - 0x00007ffa65da5000 	C:\WINDOWS\SYSTEM32\DNSAPI.dll
0x00007ffa65be0000 - 0x00007ffa65c13000 	C:\WINDOWS\SYSTEM32\IPHLPAPI.DLL
0x00007ffa69c20000 - 0x00007ffa69c2a000 	C:\WINDOWS\System32\NSI.dll
0x00007ffa5dda0000 - 0x00007ffa5ddab000 	C:\Windows\System32\rasadhlp.dll
0x00007ffa5e610000 - 0x00007ffa5e695000 	C:\WINDOWS\System32\fwpuclnt.dll
0x00007ffa64670000 - 0x00007ffa646a6000 	C:\WINDOWS\system32\DWMAPI.DLL
0x00007ffa64120000 - 0x00007ffa641ce000 	C:\WINDOWS\system32\uxtheme.dll
0x00007ffa0bc10000 - 0x00007ffa0bd1c000 	C:\WINDOWS\system32\opengl32.dll
0x00007ffa258d0000 - 0x00007ffa258fd000 	C:\WINDOWS\SYSTEM32\GLU32.dll
0x00007ffa64250000 - 0x00007ffa64297000 	C:\WINDOWS\SYSTEM32\dxcore.dll
0x00007ffa39620000 - 0x00007ffa3962a000 	C:\Users\medmo\.jdks\openjdk-24.0.1\bin\management.dll
0x00007ffa699b0000 - 0x00007ffa69b0d000 	C:\WINDOWS\System32\MSCTF.dll
0x00007ffa39610000 - 0x00007ffa3961b000 	C:\Users\medmo\.jdks\openjdk-24.0.1\bin\management_ext.dll
0x00007ffa67fc0000 - 0x00007ffa67fc8000 	C:\WINDOWS\System32\PSAPI.DLL
0x00007ffa1f180000 - 0x00007ffa1f207000 	C:\Users\medmo\.jdks\openjdk-24.0.1\bin\freetype.dll
0x00007ffa016c0000 - 0x00007ffa01797000 	C:\Users\medmo\.jdks\openjdk-24.0.1\bin\fontmanager.dll
0x00007ffa66a90000 - 0x00007ffa66aac000 	C:\WINDOWS\SYSTEM32\CRYPTSP.dll
0x00007ffa66160000 - 0x00007ffa6619a000 	C:\WINDOWS\system32\rsaenh.dll
0x00007ffa66890000 - 0x00007ffa668bb000 	C:\WINDOWS\SYSTEM32\USERENV.dll
0x00007ffa67280000 - 0x00007ffa672a6000 	C:\WINDOWS\SYSTEM32\bcrypt.dll
0x00007ffa66ab0000 - 0x00007ffa66abc000 	C:\WINDOWS\SYSTEM32\CRYPTBASE.dll
0x00007ffa4f430000 - 0x00007ffa4f579000 	C:\WINDOWS\SYSTEM32\textinputframework.dll
0x00007ffa28640000 - 0x00007ffa28658000 	C:\WINDOWS\system32\napinsp.dll
0x00007ffa28620000 - 0x00007ffa28632000 	C:\WINDOWS\System32\winrnr.dll
0x00007ffa20e60000 - 0x00007ffa20e90000 	C:\WINDOWS\system32\nlansp_c.dll
0x00007ffa5bc80000 - 0x00007ffa5bc96000 	C:\WINDOWS\system32\wshbth.dll
0x00007ffa613b0000 - 0x00007ffa614d6000 	C:\WINDOWS\SYSTEM32\CoreMessaging.dll
0x00007ffa4fe40000 - 0x00007ffa50123000 	C:\WINDOWS\SYSTEM32\CoreUIComponents.dll
0x00007ffa3faa0000 - 0x00007ffa3faee000 	C:\WINDOWS\SYSTEM32\pdh.dll
0x00007ffa52330000 - 0x00007ffa52342000 	C:\WINDOWS\System32\perfproc.dll
0x00007ffa522e0000 - 0x00007ffa522f1000 	C:\WINDOWS\System32\perfos.dll
0x00007ffa65890000 - 0x00007ffa658a2000 	C:\WINDOWS\SYSTEM32\pfclient.dll
0x00007ff9faf30000 - 0x00007ff9fb128000 	C:\Users\medmo\AppData\Local\Temp\idea_libasyncProfiler_dll_temp_folder1\libasyncProfiler.dll

JVMTI agents:
C:\Program Files\JetBrains\IntelliJ IDEA 2025.1.1.1\lib\idea_rt.jar path:C:\Users\medmo\.jdks\openjdk-24.0.1\bin\instrument.dll, loaded, initialized, instrumentlib options:55750

dbghelp: loaded successfully - version: 4.0.5 - missing functions: none
symbol engine: initialized successfully - sym options: 0x614 - pdb path: .;C:\Users\medmo\.jdks\openjdk-24.0.1\bin;C:\WINDOWS\SYSTEM32;C:\WINDOWS\WinSxS\amd64_microsoft.windows.common-controls_6595b64144ccf1df_6.0.26100.3624_none_3e086962e3345f24;C:\Users\medmo\.jdks\openjdk-24.0.1\bin\server;C:\Users\medmo\AppData\Local\Temp\idea_libasyncProfiler_dll_temp_folder1

VM Arguments:
jvm_args: -javaagent:C:\Program Files\JetBrains\IntelliJ IDEA 2025.1.1.1\lib\idea_rt.jar=55750 -Dfile.encoding=UTF-8 -Dsun.stdout.encoding=UTF-8 -Dsun.stderr.encoding=UTF-8 
java_command: edu.wustl.honeyrj.honeyrj.HoneyRJMain
java_class_path (initial): D:\M1\S2\Sécurité Informatique\Projet\HoneyRJ\target\classes
Launcher Type: SUN_STANDARD

[Global flags]
     intx CICompilerCount                          = 4                                         {product} {ergonomic}
     uint ConcGCThreads                            = 3                                         {product} {ergonomic}
     bool FlightRecorder                           = true                                      {product} {management}
     uint G1ConcRefinementThreads                  = 10                                        {product} {ergonomic}
   size_t G1HeapRegionSize                         = 4194304                                   {product} {ergonomic}
   size_t InitialHeapSize                          = 532676608                                 {product} {ergonomic}
   size_t MarkStackSize                            = 4194304                                   {product} {ergonomic}
   size_t MarkStackSizeMax                         = 536870912                                 {product} {ergonomic}
   size_t MaxHeapSize                              = 8506048512                                {product} {ergonomic}
   size_t MaxNewSize                               = 5100273664                                {product} {ergonomic}
   size_t MinHeapDeltaBytes                        = 4194304                                   {product} {ergonomic}
   size_t MinHeapSize                              = 8388608                                   {product} {ergonomic}
    uintx NonNMethodCodeHeapSize                   = 5832704                                {pd product} {ergonomic}
    uintx NonProfiledCodeHeapSize                  = 122945536                              {pd product} {ergonomic}
    uintx ProfiledCodeHeapSize                     = 122880000                              {pd product} {ergonomic}
    uintx ReservedCodeCacheSize                    = 251658240                              {pd product} {ergonomic}
     bool SegmentedCodeCache                       = true                                      {product} {ergonomic}
   size_t SoftMaxHeapSize                          = 8506048512                             {manageable} {ergonomic}
     bool UseCompressedOops                        = true                           {product lp64_product} {ergonomic}
     bool UseG1GC                                  = true                                      {product} {ergonomic}
     bool UseLargePagesIndividualAllocation        = false                                  {pd product} {ergonomic}

Logging:
Log output configuration:
 #0: stdout all=warning uptime,level,tags foldmultilines=false
 #1: stderr all=off uptime,level,tags foldmultilines=false

Environment Variables:
PATH=C:\Program Files\Common Files\Oracle\Java\javapath;C:\WINDOWS\system32;C:\WINDOWS;C:\WINDOWS\System32\Wbem;C:\WINDOWS\System32\WindowsPowerShell\v1.0\;C:\WINDOWS\System32\OpenSSH\;C:\Program Files\Git\cmd;C:\Program Files\nodejs\;C:\Program Files\dotnet\;C:\Program Files\Common Files\Autodesk Shared\;C:\Program Files\Microsoft SQL Server\150\Tools\Binn\;C:\Users\medmo\AppData\Local\Microsoft\WindowsApps;C:\Users\medmo\AppData\Local\Programs\Microsoft VS Code\bin;C:\Users\medmo\AppData\Roaming\npm
USERNAME=medmo
OS=Windows_NT
PROCESSOR_IDENTIFIER=Intel64 Family 6 Model 154 Stepping 3, GenuineIntel
TMP=C:\Users\medmo\AppData\Local\Temp
TEMP=C:\Users\medmo\AppData\Local\Temp




Periodic native trim disabled

---------------  S Y S T E M  ---------------

OS:
 Windows 11 , 64 bit Build 26100 (10.0.26100.3775)
OS uptime: 0 days 3:55 hours
Hyper-V role detected

CPU: total 12 (initial active 12) (6 cores per cpu, 2 threads per core) family 6 model 154 stepping 3 microcode 0x434, cx8, cmov, fxsr, ht, mmx, 3dnowpref, sse, sse2, sse3, ssse3, sse4.1, sse4.2, popcnt, lzcnt, tsc, tscinvbit, avx, avx2, aes, erms, clmul, bmi1, bmi2, adx, sha, fma, vzeroupper, clflush, clflushopt, clwb, hv, serialize, rdtscp, rdpid, fsrm, gfni, f16c, cet_ibt, cet_ss
Processor Information for processor 0
  Max Mhz: 2000, Current Mhz: 2000, Mhz Limit: 2000
Processor Information for processor 1
  Max Mhz: 2000, Current Mhz: 2000, Mhz Limit: 2000
Processor Information for processor 2
  Max Mhz: 2000, Current Mhz: 2000, Mhz Limit: 2000
Processor Information for processor 3
  Max Mhz: 2000, Current Mhz: 2000, Mhz Limit: 2000
Processor Information for processor 4
  Max Mhz: 2000, Current Mhz: 2000, Mhz Limit: 2000
Processor Information for processor 5
  Max Mhz: 2000, Current Mhz: 2000, Mhz Limit: 2000
Processor Information for processor 6
  Max Mhz: 2000, Current Mhz: 2000, Mhz Limit: 2000
Processor Information for processor 7
  Max Mhz: 2000, Current Mhz: 2000, Mhz Limit: 2000
Processor Information for processor 8
  Max Mhz: 2000, Current Mhz: 2000, Mhz Limit: 2000
Processor Information for processor 9
  Max Mhz: 2000, Current Mhz: 1466, Mhz Limit: 2000
Processor Information for processor 10
  Max Mhz: 2000, Current Mhz: 1466, Mhz Limit: 2000
Processor Information for processor 11
  Max Mhz: 2000, Current Mhz: 2000, Mhz Limit: 2000

Memory: 4k page, system-wide physical 32436M (17241M free)
TotalPageFile size 34484M (AvailPageFile size 17700M)
current process WorkingSet (physical memory assigned to process): 133M, peak: 135M
current process commit charge ("private bytes"): 677M, peak: 688M

vm_info: OpenJDK 64-Bit Server VM (24.0.1+9-30) for windows-amd64 JRE (24.0.1+9-30), built on 2025-03-05T07:23:45Z with MS VC++ 17.6 (VS2022)

END.
